=== Run information ===

Scheme:       weka.classifiers.trees.RandomForest -P 100 -I 100 -num-slots 1 -K 0 -M 1.0 -V 0.001 -S 1
Relation:     sentiment_tfidf
Instances:    9242
Attributes:   1001
              [list of attributes omitted]
Test mode:    10-fold cross-validation

=== Classifier model (full training set) ===

RandomForest

Bagging with 100 iterations and base learner

weka.classifiers.trees.RandomTree -K 0 -M 1.0 -V 0.001 -S 1 -do-not-check-capabilities

Time taken to build model: 55.01 seconds

=== Stratified cross-validation ===
=== Summary ===

Correctly Classified Instances        8321               90.0346 %
Incorrectly Classified Instances       921                9.9654 %
Kappa statistic                          0.7209
Mean absolute error                      0.2042
Root mean squared error                  0.2894
Relative absolute error                 54.0463 %
Root relative squared error             66.6024 %
Total Number of Instances             9242     

=== Detailed Accuracy By Class ===

                 TP Rate  FP Rate  Precision  Recall   F-Measure  MCC      ROC Area  PRC Area  Class
                 0.720    0.039    0.863      0.720    0.785      0.726    0.946     0.876     negative
                 0.961    0.280    0.910      0.961    0.935      0.726    0.946     0.978     positive
Weighted Avg.    0.900    0.219    0.898      0.900    0.897      0.726    0.946     0.952     

=== Confusion Matrix ===

    a    b   <-- classified as
 1682  654 |    a = negative
  267 6639 |    b = positive

